Wed May 28 18:01:20 JST 2008  [debug] AvalonLogSystem initialized using logfile 'velocity.log'
Wed May 28 18:01:20 JST 2008   [info] ************************************************************** 
Wed May 28 18:01:20 JST 2008   [info] Starting Jakarta Velocity v1.4
Wed May 28 18:01:20 JST 2008   [info] RuntimeInstance initializing.
Wed May 28 18:01:20 JST 2008   [info] Default Properties File: org\apache\velocity\runtime\defaults\velocity.properties
Wed May 28 18:01:20 JST 2008   [info] Trying to use logger class org.apache.velocity.runtime.log.AvalonLogSystem
Wed May 28 18:01:20 JST 2008   [info] Using logger class org.apache.velocity.runtime.log.AvalonLogSystem
Wed May 28 18:01:20 JST 2008   [info] Default ResourceManager initializing. (class org.apache.velocity.runtime.resource.ResourceManagerImpl)
Wed May 28 18:01:20 JST 2008   [info] Resource Loader Instantiated: org.apache.velocity.runtime.resource.loader.ClasspathResourceLoader
Wed May 28 18:01:20 JST 2008   [info] ClasspathResourceLoader : initialization starting.
Wed May 28 18:01:20 JST 2008   [info] ClasspathResourceLoader : initialization complete.
Wed May 28 18:01:20 JST 2008   [info] ResourceCache : initialized. (class org.apache.velocity.runtime.resource.ResourceCacheImpl)
Wed May 28 18:01:20 JST 2008   [info] Default ResourceManager initialization complete.
Wed May 28 18:01:20 JST 2008   [info] Loaded System Directive: org.apache.velocity.runtime.directive.Literal
Wed May 28 18:01:20 JST 2008   [info] Loaded System Directive: org.apache.velocity.runtime.directive.Macro
Wed May 28 18:01:20 JST 2008   [info] Loaded System Directive: org.apache.velocity.runtime.directive.Parse
Wed May 28 18:01:20 JST 2008   [info] Loaded System Directive: org.apache.velocity.runtime.directive.Include
Wed May 28 18:01:20 JST 2008   [info] Loaded System Directive: org.apache.velocity.runtime.directive.Foreach
Wed May 28 18:01:20 JST 2008   [info] Created: 20 parsers.
Wed May 28 18:01:20 JST 2008   [info] Velocimacro : initialization starting.
Wed May 28 18:01:20 JST 2008   [info] Velocimacro : allowInline = true : VMs can be defined inline in templates
Wed May 28 18:01:20 JST 2008   [info] Velocimacro : allowInlineToOverride = false : VMs defined inline may NOT replace previous VM definitions
Wed May 28 18:01:20 JST 2008   [info] Velocimacro : allowInlineLocal = false : VMs defined inline will be  global in scope if allowed.
Wed May 28 18:01:20 JST 2008   [info] Velocimacro : messages on  : VM system will output logging messages
Wed May 28 18:01:20 JST 2008   [info] Velocimacro : autoload off  : VM system will not automatically reload global library macros
Wed May 28 18:01:20 JST 2008   [info] Velocimacro : initialization complete.
Wed May 28 18:01:20 JST 2008   [info] Velocity successfully started.
